{"/Users/giorgobg/Desktop/node-express-ts/src/app.ts": {"path":"/Users/giorgobg/Desktop/node-express-ts/src/app.ts","statementMap":{"0":{"start":{"line":1,"column":0},"end":{"line":1,"column":30}},"1":{"start":{"line":2,"column":0},"end":{"line":2,"column":37}},"2":{"start":{"line":3,"column":0},"end":{"line":3,"column":45}},"3":{"start":{"line":5,"column":12},"end":{"line":5,"column":21}},"4":{"start":{"line":6,"column":13},"end":{"line":6,"column":17}},"5":{"start":{"line":8,"column":0},"end":{"line":8,"column":27}},"6":{"start":{"line":9,"column":0},"end":{"line":9,"column":42}},"7":{"start":{"line":11,"column":0},"end":{"line":13,"column":3}},"8":{"start":{"line":12,"column":4},"end":{"line":12,"column":53}},"9":{"start":{"line":15,"column":0},"end":{"line":15,"column":19}}},"fnMap":{"0":{"name":"(anonymous_1)","decl":{"start":{"line":11,"column":17},"end":{"line":11,"column":20}},"loc":{"start":{"line":11,"column":22},"end":{"line":13,"column":1}}}},"branchMap":{},"s":{"0":2,"1":2,"2":2,"3":2,"4":2,"5":2,"6":2,"7":2,"8":1,"9":2},"f":{"0":1},"b":{}}
,"/Users/giorgobg/Desktop/node-express-ts/src/db.ts": {"path":"/Users/giorgobg/Desktop/node-express-ts/src/db.ts","statementMap":{"0":{"start":{"line":1,"column":0},"end":{"line":1,"column":28}},"1":{"start":{"line":3,"column":13},"end":{"line":9,"column":3}}},"fnMap":{},"branchMap":{},"s":{"0":3,"1":3},"f":{},"b":{}}
,"/Users/giorgobg/Desktop/node-express-ts/src/handlers/createUserHandler.ts": {"path":"/Users/giorgobg/Desktop/node-express-ts/src/handlers/createUserHandler.ts","statementMap":{"0":{"start":{"line":2,"column":0},"end":{"line":2,"column":50}},"1":{"start":{"line":5,"column":26},"end":{"line":21,"column":2}},"2":{"start":{"line":5,"column":64},"end":{"line":21,"column":2}},"3":{"start":{"line":6,"column":35},"end":{"line":6,"column":43}},"4":{"start":{"line":9,"column":4},"end":{"line":11,"column":null}},"5":{"start":{"line":10,"column":8},"end":{"line":10,"column":64}},"6":{"start":{"line":14,"column":4},"end":{"line":20,"column":null}},"7":{"start":{"line":15,"column":21},"end":{"line":15,"column":57}},"8":{"start":{"line":16,"column":8},"end":{"line":16,"column":105}},"9":{"start":{"line":18,"column":8},"end":{"line":18,"column":58}},"10":{"start":{"line":19,"column":8},"end":{"line":19,"column":65}},"11":{"start":{"line":23,"column":0},"end":{"line":23,"column":33}}},"fnMap":{"0":{"name":"(anonymous_7)","decl":{"start":{"line":5,"column":26},"end":{"line":5,"column":33}},"loc":{"start":{"line":5,"column":64},"end":{"line":21,"column":2}}},"1":{"name":"(anonymous_8)","decl":{"start":{"line":5,"column":64},"end":{"line":5,"column":null}},"loc":{"start":{"line":5,"column":64},"end":{"line":21,"column":1}}}},"branchMap":{"0":{"loc":{"start":{"line":9,"column":4},"end":{"line":11,"column":null}},"type":"if","locations":[{"start":{"line":9,"column":4},"end":{"line":11,"column":null}}]},"1":{"loc":{"start":{"line":9,"column":8},"end":{"line":9,"column":33}},"type":"binary-expr","locations":[{"start":{"line":9,"column":8},"end":{"line":9,"column":13}},{"start":{"line":9,"column":17},"end":{"line":9,"column":23}},{"start":{"line":9,"column":27},"end":{"line":9,"column":33}}]}},"s":{"0":3,"1":3,"2":3,"3":3,"4":3,"5":1,"6":2,"7":2,"8":1,"9":1,"10":1,"11":3},"f":{"0":3,"1":3},"b":{"0":[1],"1":[3,3,3]}}
,"/Users/giorgobg/Desktop/node-express-ts/src/handlers/deleteUserHandler.ts": {"path":"/Users/giorgobg/Desktop/node-express-ts/src/handlers/deleteUserHandler.ts","statementMap":{"0":{"start":{"line":2,"column":0},"end":{"line":2,"column":59}},"1":{"start":{"line":5,"column":26},"end":{"line":23,"column":2}},"2":{"start":{"line":5,"column":64},"end":{"line":23,"column":2}},"3":{"start":{"line":6,"column":19},"end":{"line":6,"column":29}},"4":{"start":{"line":7,"column":4},"end":{"line":22,"column":null}},"5":{"start":{"line":8,"column":20},"end":{"line":8,"column":40}},"6":{"start":{"line":10,"column":8},"end":{"line":10,"column":null}},"7":{"start":{"line":11,"column":27},"end":{"line":11,"column":44}},"8":{"start":{"line":12,"column":8},"end":{"line":18,"column":null}},"9":{"start":{"line":13,"column":12},"end":{"line":13,"column":40}},"10":{"start":{"line":14,"column":12},"end":{"line":14,"column":101}},"11":{"start":{"line":16,"column":12},"end":{"line":16,"column":44}},"12":{"start":{"line":17,"column":12},"end":{"line":17,"column":64}},"13":{"start":{"line":20,"column":8},"end":{"line":20,"column":53}},"14":{"start":{"line":21,"column":8},"end":{"line":21,"column":65}},"15":{"start":{"line":25,"column":0},"end":{"line":25,"column":33}}},"fnMap":{"0":{"name":"(anonymous_7)","decl":{"start":{"line":5,"column":26},"end":{"line":5,"column":33}},"loc":{"start":{"line":5,"column":64},"end":{"line":23,"column":2}}},"1":{"name":"(anonymous_8)","decl":{"start":{"line":5,"column":64},"end":{"line":5,"column":null}},"loc":{"start":{"line":5,"column":64},"end":{"line":23,"column":1}}}},"branchMap":{"0":{"loc":{"start":{"line":12,"column":8},"end":{"line":18,"column":null}},"type":"if","locations":[{"start":{"line":12,"column":8},"end":{"line":18,"column":null}},{"start":{"line":15,"column":15},"end":{"line":18,"column":null}}]}},"s":{"0":2,"1":2,"2":3,"3":3,"4":3,"5":3,"6":2,"7":1,"8":1,"9":1,"10":1,"11":0,"12":0,"13":2,"14":2,"15":2},"f":{"0":3,"1":3},"b":{"0":[1,0]}}
,"/Users/giorgobg/Desktop/node-express-ts/src/handlers/getUserHandler.ts": {"path":"/Users/giorgobg/Desktop/node-express-ts/src/handlers/getUserHandler.ts","statementMap":{"0":{"start":{"line":2,"column":0},"end":{"line":2,"column":47}},"1":{"start":{"line":5,"column":23},"end":{"line":20,"column":2}},"2":{"start":{"line":5,"column":61},"end":{"line":20,"column":2}},"3":{"start":{"line":6,"column":19},"end":{"line":6,"column":29}},"4":{"start":{"line":8,"column":4},"end":{"line":8,"column":66}},"5":{"start":{"line":8,"column":12},"end":{"line":8,"column":66}},"6":{"start":{"line":9,"column":4},"end":{"line":19,"column":null}},"7":{"start":{"line":10,"column":21},"end":{"line":10,"column":38}},"8":{"start":{"line":11,"column":8},"end":{"line":15,"column":null}},"9":{"start":{"line":12,"column":12},"end":{"line":12,"column":69}},"10":{"start":{"line":14,"column":12},"end":{"line":14,"column":108}},"11":{"start":{"line":17,"column":8},"end":{"line":17,"column":54}},"12":{"start":{"line":18,"column":8},"end":{"line":18,"column":65}},"13":{"start":{"line":22,"column":0},"end":{"line":22,"column":30}}},"fnMap":{"0":{"name":"(anonymous_7)","decl":{"start":{"line":5,"column":23},"end":{"line":5,"column":30}},"loc":{"start":{"line":5,"column":61},"end":{"line":20,"column":2}}},"1":{"name":"(anonymous_8)","decl":{"start":{"line":5,"column":61},"end":{"line":5,"column":null}},"loc":{"start":{"line":5,"column":61},"end":{"line":20,"column":1}}}},"branchMap":{"0":{"loc":{"start":{"line":8,"column":4},"end":{"line":8,"column":66}},"type":"if","locations":[{"start":{"line":8,"column":4},"end":{"line":8,"column":66}}]},"1":{"loc":{"start":{"line":11,"column":8},"end":{"line":15,"column":null}},"type":"if","locations":[{"start":{"line":11,"column":8},"end":{"line":15,"column":null}},{"start":{"line":13,"column":15},"end":{"line":15,"column":null}}]}},"s":{"0":2,"1":2,"2":2,"3":2,"4":2,"5":0,"6":2,"7":2,"8":2,"9":2,"10":0,"11":0,"12":0,"13":2},"f":{"0":2,"1":2},"b":{"0":[0],"1":[2,0]}}
,"/Users/giorgobg/Desktop/node-express-ts/src/handlers/updateUserHandler.ts": {"path":"/Users/giorgobg/Desktop/node-express-ts/src/handlers/updateUserHandler.ts","statementMap":{"0":{"start":{"line":2,"column":0},"end":{"line":2,"column":50}},"1":{"start":{"line":5,"column":26},"end":{"line":21,"column":2}},"2":{"start":{"line":5,"column":64},"end":{"line":21,"column":2}},"3":{"start":{"line":6,"column":19},"end":{"line":6,"column":29}},"4":{"start":{"line":7,"column":35},"end":{"line":7,"column":43}},"5":{"start":{"line":8,"column":4},"end":{"line":20,"column":null}},"6":{"start":{"line":9,"column":21},"end":{"line":9,"column":61}},"7":{"start":{"line":10,"column":8},"end":{"line":14,"column":null}},"8":{"start":{"line":11,"column":12},"end":{"line":11,"column":69}},"9":{"start":{"line":13,"column":12},"end":{"line":13,"column":120}},"10":{"start":{"line":16,"column":8},"end":{"line":16,"column":39}},"11":{"start":{"line":17,"column":8},"end":{"line":17,"column":null}},"12":{"start":{"line":18,"column":8},"end":{"line":18,"column":58}},"13":{"start":{"line":19,"column":8},"end":{"line":19,"column":65}},"14":{"start":{"line":23,"column":0},"end":{"line":23,"column":33}}},"fnMap":{"0":{"name":"(anonymous_7)","decl":{"start":{"line":5,"column":26},"end":{"line":5,"column":33}},"loc":{"start":{"line":5,"column":64},"end":{"line":21,"column":2}}},"1":{"name":"(anonymous_8)","decl":{"start":{"line":5,"column":64},"end":{"line":5,"column":null}},"loc":{"start":{"line":5,"column":64},"end":{"line":21,"column":1}}}},"branchMap":{"0":{"loc":{"start":{"line":10,"column":8},"end":{"line":14,"column":null}},"type":"if","locations":[{"start":{"line":10,"column":8},"end":{"line":14,"column":null}},{"start":{"line":12,"column":15},"end":{"line":14,"column":null}}]}},"s":{"0":2,"1":2,"2":0,"3":0,"4":0,"5":0,"6":0,"7":0,"8":0,"9":0,"10":0,"11":0,"12":0,"13":0,"14":2},"f":{"0":0,"1":0},"b":{"0":[0,0]}}
,"/Users/giorgobg/Desktop/node-express-ts/src/routes/userRoutes.ts": {"path":"/Users/giorgobg/Desktop/node-express-ts/src/routes/userRoutes.ts","statementMap":{"0":{"start":{"line":1,"column":0},"end":{"line":1,"column":30}},"1":{"start":{"line":2,"column":0},"end":{"line":2,"column":56}},"2":{"start":{"line":3,"column":0},"end":{"line":3,"column":62}},"3":{"start":{"line":4,"column":0},"end":{"line":4,"column":62}},"4":{"start":{"line":5,"column":0},"end":{"line":5,"column":62}},"5":{"start":{"line":8,"column":15},"end":{"line":8,"column":31}},"6":{"start":{"line":10,"column":0},"end":{"line":10,"column":35}},"7":{"start":{"line":11,"column":0},"end":{"line":11,"column":36}},"8":{"start":{"line":12,"column":0},"end":{"line":12,"column":38}},"9":{"start":{"line":13,"column":0},"end":{"line":13,"column":41}},"10":{"start":{"line":15,"column":0},"end":{"line":15,"column":22}}},"fnMap":{},"branchMap":{},"s":{"0":2,"1":2,"2":2,"3":2,"4":2,"5":2,"6":2,"7":2,"8":2,"9":2,"10":2},"f":{},"b":{}}
,"/Users/giorgobg/Desktop/node-express-ts/src/sqlCalls/userCall.ts": {"path":"/Users/giorgobg/Desktop/node-express-ts/src/sqlCalls/userCall.ts","statementMap":{"0":{"start":{"line":1,"column":0},"end":{"line":1,"column":29}},"1":{"start":{"line":4,"column":23},"end":{"line":7,"column":2}},"2":{"start":{"line":4,"column":44},"end":{"line":7,"column":2}},"3":{"start":{"line":5,"column":21},"end":{"line":5,"column":80}},"4":{"start":{"line":6,"column":4},"end":{"line":6,"column":16}},"5":{"start":{"line":4,"column":13},"end":{"line":4,"column":23}},"6":{"start":{"line":10,"column":26},"end":{"line":13,"column":null}},"7":{"start":{"line":10,"column":79},"end":{"line":13,"column":null}},"8":{"start":{"line":11,"column":21},"end":{"line":11,"column":133}},"9":{"start":{"line":12,"column":4},"end":{"line":12,"column":16}},"10":{"start":{"line":10,"column":13},"end":{"line":10,"column":26}},"11":{"start":{"line":16,"column":26},"end":{"line":19,"column":null}},"12":{"start":{"line":16,"column":47},"end":{"line":19,"column":null}},"13":{"start":{"line":17,"column":21},"end":{"line":17,"column":78}},"14":{"start":{"line":18,"column":4},"end":{"line":18,"column":16}},"15":{"start":{"line":16,"column":13},"end":{"line":16,"column":26}},"16":{"start":{"line":22,"column":26},"end":{"line":25,"column":null}},"17":{"start":{"line":22,"column":91},"end":{"line":25,"column":null}},"18":{"start":{"line":23,"column":21},"end":{"line":23,"column":143}},"19":{"start":{"line":24,"column":4},"end":{"line":24,"column":16}},"20":{"start":{"line":22,"column":13},"end":{"line":22,"column":26}}},"fnMap":{"0":{"name":"(anonymous_7)","decl":{"start":{"line":4,"column":23},"end":{"line":4,"column":30}},"loc":{"start":{"line":4,"column":44},"end":{"line":7,"column":2}}},"1":{"name":"(anonymous_8)","decl":{"start":{"line":4,"column":44},"end":{"line":4,"column":null}},"loc":{"start":{"line":4,"column":44},"end":{"line":7,"column":1}}},"2":{"name":"(anonymous_9)","decl":{"start":{"line":10,"column":26},"end":{"line":10,"column":33}},"loc":{"start":{"line":10,"column":79},"end":{"line":13,"column":null}}},"3":{"name":"(anonymous_10)","decl":{"start":{"line":10,"column":79},"end":{"line":10,"column":null}},"loc":{"start":{"line":10,"column":79},"end":{"line":13,"column":1}}},"4":{"name":"(anonymous_11)","decl":{"start":{"line":16,"column":26},"end":{"line":16,"column":33}},"loc":{"start":{"line":16,"column":47},"end":{"line":19,"column":null}}},"5":{"name":"(anonymous_12)","decl":{"start":{"line":16,"column":47},"end":{"line":16,"column":null}},"loc":{"start":{"line":16,"column":47},"end":{"line":19,"column":1}}},"6":{"name":"(anonymous_13)","decl":{"start":{"line":22,"column":26},"end":{"line":22,"column":33}},"loc":{"start":{"line":22,"column":91},"end":{"line":25,"column":null}}},"7":{"name":"(anonymous_14)","decl":{"start":{"line":22,"column":91},"end":{"line":22,"column":null}},"loc":{"start":{"line":22,"column":91},"end":{"line":25,"column":1}}}},"branchMap":{},"s":{"0":3,"1":3,"2":2,"3":2,"4":2,"5":3,"6":3,"7":0,"8":0,"9":0,"10":3,"11":3,"12":0,"13":0,"14":0,"15":3,"16":3,"17":0,"18":0,"19":0,"20":3},"f":{"0":2,"1":2,"2":0,"3":0,"4":0,"5":0,"6":0,"7":0},"b":{}}
,"/Users/giorgobg/Desktop/node-express-ts/src/tests/mockUserCall.ts": {"path":"/Users/giorgobg/Desktop/node-express-ts/src/tests/mockUserCall.ts","statementMap":{"0":{"start":{"line":1,"column":26},"end":{"line":5,"column":2}},"1":{"start":{"line":1,"column":63},"end":{"line":5,"column":2}},"2":{"start":{"line":3,"column":18},"end":{"line":3,"column":33}},"3":{"start":{"line":4,"column":2},"end":{"line":4,"column":17}},"4":{"start":{"line":1,"column":13},"end":{"line":1,"column":26}},"5":{"start":{"line":7,"column":26},"end":{"line":17,"column":2}},"6":{"start":{"line":7,"column":61},"end":{"line":17,"column":2}},"7":{"start":{"line":9,"column":22},"end":{"line":10,"column":24}},"8":{"start":{"line":12,"column":4},"end":{"line":14,"column":null}},"9":{"start":{"line":13,"column":8},"end":{"line":13,"column":null}},"10":{"start":{"line":16,"column":2},"end":{"line":16,"column":21}},"11":{"start":{"line":7,"column":13},"end":{"line":7,"column":26}},"12":{"start":{"line":19,"column":23},"end":{"line":28,"column":2}},"13":{"start":{"line":19,"column":58},"end":{"line":28,"column":2}},"14":{"start":{"line":21,"column":2},"end":{"line":27,"column":null}},"15":{"start":{"line":22,"column":4},"end":{"line":22,"column":42}},"16":{"start":{"line":23,"column":9},"end":{"line":27,"column":null}},"17":{"start":{"line":24,"column":4},"end":{"line":24,"column":null}},"18":{"start":{"line":26,"column":4},"end":{"line":26,"column":38}},"19":{"start":{"line":19,"column":13},"end":{"line":19,"column":23}}},"fnMap":{"0":{"name":"(anonymous_7)","decl":{"start":{"line":1,"column":26},"end":{"line":1,"column":33}},"loc":{"start":{"line":1,"column":63},"end":{"line":5,"column":2}}},"1":{"name":"(anonymous_8)","decl":{"start":{"line":1,"column":63},"end":{"line":1,"column":null}},"loc":{"start":{"line":1,"column":63},"end":{"line":5,"column":1}}},"2":{"name":"(anonymous_9)","decl":{"start":{"line":7,"column":26},"end":{"line":7,"column":33}},"loc":{"start":{"line":7,"column":61},"end":{"line":17,"column":2}}},"3":{"name":"(anonymous_10)","decl":{"start":{"line":7,"column":61},"end":{"line":7,"column":null}},"loc":{"start":{"line":7,"column":61},"end":{"line":17,"column":1}}},"4":{"name":"(anonymous_11)","decl":{"start":{"line":19,"column":23},"end":{"line":19,"column":30}},"loc":{"start":{"line":19,"column":58},"end":{"line":28,"column":2}}},"5":{"name":"(anonymous_12)","decl":{"start":{"line":19,"column":58},"end":{"line":19,"column":null}},"loc":{"start":{"line":19,"column":58},"end":{"line":28,"column":1}}}},"branchMap":{"0":{"loc":{"start":{"line":12,"column":4},"end":{"line":14,"column":null}},"type":"if","locations":[{"start":{"line":12,"column":4},"end":{"line":14,"column":null}}]},"1":{"loc":{"start":{"line":21,"column":2},"end":{"line":27,"column":null}},"type":"if","locations":[{"start":{"line":21,"column":2},"end":{"line":27,"column":null}},{"start":{"line":23,"column":9},"end":{"line":27,"column":null}}]},"2":{"loc":{"start":{"line":23,"column":9},"end":{"line":27,"column":null}},"type":"if","locations":[{"start":{"line":23,"column":9},"end":{"line":27,"column":null}},{"start":{"line":25,"column":9},"end":{"line":27,"column":null}}]}},"s":{"0":1,"1":0,"2":0,"3":0,"4":1,"5":1,"6":0,"7":0,"8":0,"9":0,"10":0,"11":1,"12":1,"13":0,"14":0,"15":0,"16":0,"17":0,"18":0,"19":1},"f":{"0":0,"1":0,"2":0,"3":0,"4":0,"5":0},"b":{"0":[0],"1":[0,0],"2":[0,0]}}
}
