TN:
SF:src/app.ts
FN:11,(anonymous_1)
FNF:1
FNH:1
FNDA:1,(anonymous_1)
DA:1,2
DA:2,2
DA:3,2
DA:5,2
DA:6,2
DA:8,2
DA:9,2
DA:11,2
DA:12,1
DA:15,2
LF:10
LH:10
BRF:0
BRH:0
end_of_record
TN:
SF:src/db.ts
FNF:0
FNH:0
DA:1,3
DA:3,3
LF:2
LH:2
BRF:0
BRH:0
end_of_record
TN:
SF:src/handlers/createUserHandler.ts
FN:5,(anonymous_7)
FN:5,(anonymous_8)
FNF:2
FNH:2
FNDA:3,(anonymous_7)
FNDA:3,(anonymous_8)
DA:2,3
DA:5,3
DA:6,3
DA:9,3
DA:10,1
DA:14,2
DA:15,2
DA:16,1
DA:18,1
DA:19,1
DA:23,3
LF:11
LH:11
BRDA:9,0,0,1
BRDA:9,1,0,3
BRDA:9,1,1,3
BRDA:9,1,2,3
BRF:4
BRH:4
end_of_record
TN:
SF:src/handlers/deleteUserHandler.ts
FN:5,(anonymous_7)
FN:5,(anonymous_8)
FNF:2
FNH:2
FNDA:3,(anonymous_7)
FNDA:3,(anonymous_8)
DA:2,2
DA:5,3
DA:6,3
DA:7,3
DA:8,3
DA:10,2
DA:11,1
DA:12,1
DA:13,1
DA:14,1
DA:16,0
DA:17,0
DA:20,2
DA:21,2
DA:25,2
LF:15
LH:13
BRDA:12,0,0,1
BRDA:12,0,1,0
BRF:2
BRH:1
end_of_record
TN:
SF:src/handlers/getUserHandler.ts
FN:5,(anonymous_7)
FN:5,(anonymous_8)
FNF:2
FNH:2
FNDA:2,(anonymous_7)
FNDA:2,(anonymous_8)
DA:2,2
DA:5,2
DA:6,2
DA:8,2
DA:9,2
DA:10,2
DA:11,2
DA:12,2
DA:14,0
DA:17,0
DA:18,0
DA:22,2
LF:12
LH:9
BRDA:8,0,0,0
BRDA:11,1,0,2
BRDA:11,1,1,0
BRF:3
BRH:1
end_of_record
TN:
SF:src/handlers/updateUserHandler.ts
FN:5,(anonymous_7)
FN:5,(anonymous_8)
FNF:2
FNH:0
FNDA:0,(anonymous_7)
FNDA:0,(anonymous_8)
DA:2,2
DA:5,2
DA:6,0
DA:7,0
DA:8,0
DA:9,0
DA:10,0
DA:11,0
DA:13,0
DA:16,0
DA:17,0
DA:18,0
DA:19,0
DA:23,2
LF:14
LH:3
BRDA:10,0,0,0
BRDA:10,0,1,0
BRF:2
BRH:0
end_of_record
TN:
SF:src/routes/userRoutes.ts
FNF:0
FNH:0
DA:1,2
DA:2,2
DA:3,2
DA:4,2
DA:5,2
DA:8,2
DA:10,2
DA:11,2
DA:12,2
DA:13,2
DA:15,2
LF:11
LH:11
BRF:0
BRH:0
end_of_record
TN:
SF:src/sqlCalls/userCall.ts
FN:4,(anonymous_7)
FN:4,(anonymous_8)
FN:10,(anonymous_9)
FN:10,(anonymous_10)
FN:16,(anonymous_11)
FN:16,(anonymous_12)
FN:22,(anonymous_13)
FN:22,(anonymous_14)
FNF:8
FNH:2
FNDA:2,(anonymous_7)
FNDA:2,(anonymous_8)
FNDA:0,(anonymous_9)
FNDA:0,(anonymous_10)
FNDA:0,(anonymous_11)
FNDA:0,(anonymous_12)
FNDA:0,(anonymous_13)
FNDA:0,(anonymous_14)
DA:1,3
DA:4,3
DA:5,2
DA:6,2
DA:10,3
DA:11,0
DA:12,0
DA:16,3
DA:17,0
DA:18,0
DA:22,3
DA:23,0
DA:24,0
LF:13
LH:7
BRF:0
BRH:0
end_of_record
TN:
SF:src/tests/mockUserCall.ts
FN:1,(anonymous_7)
FN:1,(anonymous_8)
FN:7,(anonymous_9)
FN:7,(anonymous_10)
FN:19,(anonymous_11)
FN:19,(anonymous_12)
FNF:6
FNH:0
FNDA:0,(anonymous_7)
FNDA:0,(anonymous_8)
FNDA:0,(anonymous_9)
FNDA:0,(anonymous_10)
FNDA:0,(anonymous_11)
FNDA:0,(anonymous_12)
DA:1,1
DA:3,0
DA:4,0
DA:7,1
DA:9,0
DA:12,0
DA:13,0
DA:16,0
DA:19,1
DA:21,0
DA:22,0
DA:23,0
DA:24,0
DA:26,0
LF:14
LH:3
BRDA:12,0,0,0
BRDA:21,1,0,0
BRDA:21,1,1,0
BRDA:23,2,0,0
BRDA:23,2,1,0
BRF:5
BRH:0
end_of_record
